d:\appluxmart\luxmart_cpp_backend\luxmart_cpp_backend.dir\debug\vc143.pdb
d:\appluxmart\luxmart_cpp_backend\luxmart_cpp_backend.dir\debug\vc143.idb
d:\appluxmart\luxmart_cpp_backend\luxmart_cpp_backend.dir\debug\blowfish.obj
d:\appluxmart\luxmart_cpp_backend\luxmart_cpp_backend.dir\debug\bcrypt.obj
d:\appluxmart\luxmart_cpp_backend\luxmart_cpp_backend.dir\debug\functions.obj
d:\appluxmart\luxmart_cpp_backend\luxmart_cpp_backend.dir\debug\dboperations.obj
d:\appluxmart\luxmart_cpp_backend\luxmart_cpp_backend.dir\debug\controllers.obj
d:\appluxmart\luxmart_cpp_backend\luxmart_cpp_backend.dir\debug\jwtservice.obj
d:\appluxmart\luxmart_cpp_backend\luxmart_cpp_backend.dir\debug\authcontroller.obj
d:\appluxmart\luxmart_cpp_backend\luxmart_cpp_backend.dir\debug\security.obj
d:\appluxmart\luxmart_cpp_backend\luxmart_cpp_backend.dir\debug\main.obj
d:\appluxmart\luxmart_cpp_backend\cmakefiles\generate.stamp
d:\appluxmart\luxmart_cpp_backend\debug\luxmart_cpp_backend.exe
d:\appluxmart\luxmart_cpp_backend\debug\luxmart_cpp_backend.pdb
d:\appluxmart\luxmart_cpp_backend\luxmart_cpp_backend.dir\debug\luxmart_cpp_backend.ilk
d:\appluxmart\luxmart_cpp_backend\luxmart_cpp_backend.dir\debug\luxmart_.b8594126.tlog\cl.command.1.tlog
d:\appluxmart\luxmart_cpp_backend\luxmart_cpp_backend.dir\debug\luxmart_.b8594126.tlog\cl.items.tlog
d:\appluxmart\luxmart_cpp_backend\luxmart_cpp_backend.dir\debug\luxmart_.b8594126.tlog\cl.read.1.tlog
d:\appluxmart\luxmart_cpp_backend\luxmart_cpp_backend.dir\debug\luxmart_.b8594126.tlog\cl.write.1.tlog
d:\appluxmart\luxmart_cpp_backend\luxmart_cpp_backend.dir\debug\luxmart_.b8594126.tlog\custombuild.command.1.tlog
d:\appluxmart\luxmart_cpp_backend\luxmart_cpp_backend.dir\debug\luxmart_.b8594126.tlog\custombuild.read.1.tlog
d:\appluxmart\luxmart_cpp_backend\luxmart_cpp_backend.dir\debug\luxmart_.b8594126.tlog\custombuild.write.1.tlog
d:\appluxmart\luxmart_cpp_backend\luxmart_cpp_backend.dir\debug\luxmart_.b8594126.tlog\link.command.1.tlog
d:\appluxmart\luxmart_cpp_backend\luxmart_cpp_backend.dir\debug\luxmart_.b8594126.tlog\link.read.1.tlog
d:\appluxmart\luxmart_cpp_backend\luxmart_cpp_backend.dir\debug\luxmart_.b8594126.tlog\link.secondary.1.tlog
d:\appluxmart\luxmart_cpp_backend\luxmart_cpp_backend.dir\debug\luxmart_.b8594126.tlog\link.write.1.tlog
